<?xml version="1.0" encoding="UTF-8"?>
<!-- Generated by org.testng.reporters.JUnitXMLReporter -->
<testsuite ignored="0" hostname="DESKTOP-E9GH2O5" failures="1" tests="16" name="Test" time="203.16" errors="0" timestamp="2025-04-16T16:55:41 IST">
  <testcase classname="tests.Register" name="verifyRegisteringUsingMandatoryfields" time="2.875"/>
  <testcase classname="tests.Register" name="verifyRegisteringUsingAllfields" time="2.83"/>
  <testcase classname="tests.Register" name="verifyRegisteringAccountSelectingByYesNewsLettersOptions" time="4.018"/>
  <testcase classname="tests.Register" name="verifyRegisteringAccountSelectingByNoNewsLettersOptions" time="3.768"/>
  <testcase classname="tests.Login" name="verifyLoginWithValidCredentials" time="1.359"/>
  <testcase classname="tests.Login" name="verifyLoginWithValidCredentials" time="1.398"/>
  <testcase classname="tests.Login" name="verifyLoginWithValidCredentials" time="1.303"/>
  <testcase classname="tests.Login" name="verifyLoginWithValidCredentials" time="1.466"/>
  <testcase classname="tests.Login" name="verifyLoginWithValidCredentials" time="1.429"/>
  <testcase classname="tests.Login" name="verifyLoginWithInvalidEmailAndPassword" time="1.29"/>
  <testcase classname="tests.Login" name="verifyLoginWithInvalidEmailAndValidPassword" time="1.15"/>
  <testcase classname="tests.Login" name="verifyLoginWithValidEmailAndINValidPassword" time="1.144"/>
  <testcase classname="tests.Login" name="verifyLoginWithoutCredentials" time="2.676"/>
  <testcase classname="tests.Search" name="verifySearchWithExistingProductName" time="0.83"/>
  <testcase classname="tests.Search" name="verifySearchWithNonExistingProductName" time="0.848"/>
  <testcase classname="tests.Search" name="verifySearchWithoutProductName" time="0.624">
    <failure type="java.lang.AssertionError" message="did not expect [There is no product that matches the search criteria.] but found [There is no product that matches the search criteria.]">
      <![CDATA[java.lang.AssertionError: did not expect [There is no product that matches the search criteria.] but found [There is no product that matches the search criteria.]
at tests.Search.verifySearchWithoutProductName(Search.java:53)
at java.base/java.util.ArrayList.forEach(ArrayList.java:1511)
... Removed 32 stack frames]]>
    </failure>
  </testcase> <!-- verifySearchWithoutProductName -->
</testsuite> <!-- Test -->
